[13/07/2023 18:56:55] "GET / HTTP/1.1" 200 2628
[13/07/2023 18:56:55] "GET /static/style.css HTTP/1.1" 200 105
[13/07/2023 18:56:55] "GET /static/thirdparty/materialize/css/materialize.css HTTP/1.1" 200 179302
[13/07/2023 18:56:56] "GET /favicon.ico HTTP/1.1" 301 0
[13/07/2023 18:56:56] "GET /favicon.ico/ HTTP/1.1" 404 1741
[13/07/2023 18:57:37] "GET /register HTTP/1.1" 301 0
[13/07/2023 18:57:37] "GET /register/ HTTP/1.1" 200 3976
[13/07/2023 18:57:37] "GET /favicon.ico/ HTTP/1.1" 404 1741
[13/07/2023 18:57:39] "GET /login HTTP/1.1" 301 0
[13/07/2023 18:57:39] "GET /login/ HTTP/1.1" 200 3139
[13/07/2023 18:57:50] "POST /login/ HTTP/1.1" 200 3332
[13/07/2023 18:57:52] "GET /register/ HTTP/1.1" 200 3976
[13/07/2023 18:58:14] "POST /register/ HTTP/1.1" 200 4136
[13/07/2023 18:58:43] "POST /register/ HTTP/1.1" 302 0
[13/07/2023 18:58:43] "GET /preconfirm HTTP/1.1" 301 0
[13/07/2023 18:58:43] "GET /preconfirm/ HTTP/1.1" 200 2643
[13/07/2023 18:58:48] "GET /login/ HTTP/1.1" 200 3139
[13/07/2023 18:58:56] "POST /login/ HTTP/1.1" 302 0
[13/07/2023 18:58:56] "GET / HTTP/1.1" 200 2980
[13/07/2023 18:58:56] "GET /favicon.ico/ HTTP/1.1" 404 1741
[13/07/2023 19:17:15] "GET / HTTP/1.1" 200 2873
[13/07/2023 19:17:17] "GET /logout HTTP/1.1" 301 0
[13/07/2023 19:17:17] "GET /logout/ HTTP/1.1" 302 0
[13/07/2023 19:17:18] "GET / HTTP/1.1" 200 2749
[13/07/2023 19:17:18] "GET /favicon.ico/ HTTP/1.1" 404 1741
[13/07/2023 19:17:20] "GET /register/ HTTP/1.1" 200 3976
[13/07/2023 19:18:01] "POST /register/ HTTP/1.1" 302 0
[13/07/2023 19:18:01] "GET /preconfirm HTTP/1.1" 301 0
[13/07/2023 19:18:01] "GET /preconfirm/ HTTP/1.1" 200 2643
[13/07/2023 19:18:03] "GET /login/ HTTP/1.1" 200 3139
[13/07/2023 19:18:11] "POST /login/ HTTP/1.1" 302 0
[13/07/2023 19:18:11] "GET / HTTP/1.1" 200 2972
[13/07/2023 19:18:11] "GET /favicon.ico/ HTTP/1.1" 404 1741
[13/07/2023 19:18:38] "GET / HTTP/1.1" 200 2865
[13/07/2023 19:18:45] "GET / HTTP/1.1" 200 2865
[13/07/2023 19:18:58] "GET / HTTP/1.1" 200 2865
[13/07/2023 19:19:05] "GET / HTTP/1.1" 200 2865
